<?xml version="1.0" encoding="UTF-8"?>
<!-- Generated by org.testng.reporters.JUnitReportReporter -->
<testsuite hostname="Admins-MBP.Home" failures="0" tests="2" name="testRunner.cucumberTestRunner" time="120.902" errors="0" timestamp="2024-07-16T11:05:56 BST" skipped="0">
  <testcase classname="testRunner.cucumberTestRunner" name="runScenario" time="58.487"/>
  <testcase classname="testRunner.cucumberTestRunner" name="runScenario" time="62.415"/>
</testsuite> <!-- testRunner.cucumberTestRunner -->
